reports/com-arkivanov-mvikotlin/3-3-0-to-4-4-0/run-26555841894/phase1/before/shared/build/outputs/logs/manifest-merger-release-report.txt
-- Merging decision tree log ---
manifest
ADDED from ProcessLibraryManifest/release/tempAndroidManifest11754601399079918380.xml:2:13-83
INJECTED from ProcessLibraryManifest/release/tempAndroidManifest11754601399079918380.xml:2:13-83
	package
		INJECTED from ProcessLibraryManifest/release/tempAndroidManifest11754601399079918380.xml
	xmlns:android
		ADDED from ProcessLibraryManifest/release/tempAndroidManifest11754601399079918380.xml:2:23-81
uses-sdk
INJECTED from ProcessLibraryManifest/release/tempAndroidManifest11754601399079918380.xml reason: use-sdk injection requested
INJECTED from ProcessLibraryManifest/release/tempAndroidManifest11754601399079918380.xml
INJECTED from ProcessLibraryManifest/release/tempAndroidManifest11754601399079918380.xml
	android:targetSdkVersion
		INJECTED from ProcessLibraryManifest/release/tempAndroidManifest11754601399079918380.xml
	android:minSdkVersion
		INJECTED from ProcessLibraryManifest/release/tempAndroidManifest11754601399079918380.xml